Loading data from cellxgene...
Getting anndata
Getting total counts x cell
Cleaning cell ontologies...
Pseudo-bulking...
Saving...

------------------------------------------------------------
Sender: LSF System <lsfadmin@node-10-4-2>
Subject: Job 28659653: <python process_sc_data.py MONDO:0005011 --output_dir /nfs/team205/ed6/bin/sc_target_evidence/data/> in cluster <farm5> Done

Job <python process_sc_data.py MONDO:0005011 --output_dir /nfs/team205/ed6/bin/sc_target_evidence/data/> was submitted from host <farm5-head1> by user <ed6> in cluster <farm5> at Thu Jul 20 12:03:57 2023
Job was executed on host(s) <node-10-4-2>, in queue <normal>, as user <ed6> in cluster <farm5> at Thu Jul 20 12:06:23 2023
</nfs/users/nfs_e/ed6> was used as the home directory.
</nfs/team205/ed6/bin/sc_target_evidence/src> was used as the working directory.
Started at Thu Jul 20 12:06:23 2023
Terminated at Thu Jul 20 12:22:34 2023
Results reported at Thu Jul 20 12:22:34 2023

Your job looked like:

------------------------------------------------------------
# LSBATCH: User input
python process_sc_data.py MONDO:0005011 --output_dir /nfs/team205/ed6/bin/sc_target_evidence/data/

------------------------------------------------------------

Successfully completed.

Resource usage summary:

    CPU time :                                   890.00 sec.
    Max Memory :                                 18859 MB
    Average Memory :                             8265.59 MB
    Total Requested Memory :                     50000.00 MB
    Delta Memory :                               31141.00 MB
    Max Swap :                                   -
    Max Processes :                              4
    Max Threads :                                671
    Run time :                                   973 sec.
    Turnaround time :                            1117 sec.

The output (if any) is above this job summary.



PS:

Read file <logfile-pbulk-28659653.err> for stderr output of this job.

