
------------------------------------------------------------
Sender: LSF System <lsfadmin@node-13-16>
Subject: Job 28659703: <python process_sc_data.py MONDO:0004966 --output_dir /nfs/team205/ed6/bin/sc_target_evidence/data/> in cluster <farm5> Exited

Job <python process_sc_data.py MONDO:0004966 --output_dir /nfs/team205/ed6/bin/sc_target_evidence/data/> was submitted from host <farm5-head1> by user <ed6> in cluster <farm5> at Thu Jul 20 12:04:09 2023
Job was executed on host(s) <node-13-16>, in queue <normal>, as user <ed6> in cluster <farm5> at Thu Jul 20 13:02:30 2023
</nfs/users/nfs_e/ed6> was used as the home directory.
</nfs/team205/ed6/bin/sc_target_evidence/src> was used as the working directory.
Started at Thu Jul 20 13:02:30 2023
Terminated at Fri Jul 21 01:02:32 2023
Results reported at Fri Jul 21 01:02:32 2023

Your job looked like:

------------------------------------------------------------
# LSBATCH: User input
python process_sc_data.py MONDO:0004966 --output_dir /nfs/team205/ed6/bin/sc_target_evidence/data/

------------------------------------------------------------

TERM_RUNLIMIT: job killed after reaching LSF run time limit.
Exited with exit code 140.

Resource usage summary:

    CPU time :                                   39435.00 sec.
    Max Memory :                                 5792 MB
    Average Memory :                             5192.16 MB
    Total Requested Memory :                     50000.00 MB
    Delta Memory :                               44208.00 MB
    Max Swap :                                   -
    Max Processes :                              4
    Max Threads :                                2570
    Run time :                                   43206 sec.
    Turnaround time :                            46703 sec.

The output (if any) is above this job summary.



PS:

Read file <logfile-pbulk-28659703.err> for stderr output of this job.

