Loading data from cellxgene...
Getting anndata
Getting total counts x cell
Cleaning cell ontologies...
Pseudo-bulking...

------------------------------------------------------------
Sender: LSF System <lsfadmin@node-10-2-4>
Subject: Job 28659675: <python process_sc_data.py MONDO:0007915 --output_dir /nfs/team205/ed6/bin/sc_target_evidence/data/> in cluster <farm5> Exited

Job <python process_sc_data.py MONDO:0007915 --output_dir /nfs/team205/ed6/bin/sc_target_evidence/data/> was submitted from host <farm5-head1> by user <ed6> in cluster <farm5> at Thu Jul 20 12:04:02 2023
Job was executed on host(s) <node-10-2-4>, in queue <normal>, as user <ed6> in cluster <farm5> at Thu Jul 20 12:30:43 2023
</nfs/users/nfs_e/ed6> was used as the home directory.
</nfs/team205/ed6/bin/sc_target_evidence/src> was used as the working directory.
Started at Thu Jul 20 12:30:43 2023
Terminated at Thu Jul 20 13:20:13 2023
Results reported at Thu Jul 20 13:20:13 2023

Your job looked like:

------------------------------------------------------------
# LSBATCH: User input
python process_sc_data.py MONDO:0007915 --output_dir /nfs/team205/ed6/bin/sc_target_evidence/data/

------------------------------------------------------------

TERM_MEMLIMIT: job killed after reaching LSF memory usage limit.
Exited with exit code 130.

Resource usage summary:

    CPU time :                                   2788.00 sec.
    Max Memory :                                 56984 MB
    Average Memory :                             27623.19 MB
    Total Requested Memory :                     50000.00 MB
    Delta Memory :                               -6984.00 MB
    Max Swap :                                   -
    Max Processes :                              4
    Max Threads :                                671
    Run time :                                   2971 sec.
    Turnaround time :                            4571 sec.

The output (if any) is above this job summary.



PS:

Read file <logfile-pbulk-28659675.err> for stderr output of this job.

