Loading data from cellxgene...
Getting anndata
Getting total counts x cell
Cleaning cell ontologies...
Pseudo-bulking...
Saving...

------------------------------------------------------------
Sender: LSF System <lsfadmin@node-14-12>
Subject: Job 28659705: <python process_sc_data.py MONDO:0006249 --output_dir /nfs/team205/ed6/bin/sc_target_evidence/data/> in cluster <farm5> Done

Job <python process_sc_data.py MONDO:0006249 --output_dir /nfs/team205/ed6/bin/sc_target_evidence/data/> was submitted from host <farm5-head1> by user <ed6> in cluster <farm5> at Thu Jul 20 12:04:10 2023
Job was executed on host(s) <node-14-12>, in queue <normal>, as user <ed6> in cluster <farm5> at Thu Jul 20 13:02:47 2023
</nfs/users/nfs_e/ed6> was used as the home directory.
</nfs/team205/ed6/bin/sc_target_evidence/src> was used as the working directory.
Started at Thu Jul 20 13:02:47 2023
Terminated at Thu Jul 20 13:08:16 2023
Results reported at Thu Jul 20 13:08:16 2023

Your job looked like:

------------------------------------------------------------
# LSBATCH: User input
python process_sc_data.py MONDO:0006249 --output_dir /nfs/team205/ed6/bin/sc_target_evidence/data/

------------------------------------------------------------

Successfully completed.

Resource usage summary:

    CPU time :                                   272.00 sec.
    Max Memory :                                 14544 MB
    Average Memory :                             6312.92 MB
    Total Requested Memory :                     50000.00 MB
    Delta Memory :                               35456.00 MB
    Max Swap :                                   -
    Max Processes :                              5
    Max Threads :                                2570
    Run time :                                   329 sec.
    Turnaround time :                            3846 sec.

The output (if any) is above this job summary.



PS:

Read file <logfile-pbulk-28659705.err> for stderr output of this job.

