Loading data from cellxgene...
Getting anndata
Getting total counts x cell
Cleaning cell ontologies...
Pseudo-bulking...
Saving...

------------------------------------------------------------
Sender: LSF System <lsfadmin@node-10-8-2>
Subject: Job 28659698: <python process_sc_data.py MONDO:0024660 --output_dir /nfs/team205/ed6/bin/sc_target_evidence/data/> in cluster <farm5> Done

Job <python process_sc_data.py MONDO:0024660 --output_dir /nfs/team205/ed6/bin/sc_target_evidence/data/> was submitted from host <farm5-head1> by user <ed6> in cluster <farm5> at Thu Jul 20 12:04:08 2023
Job was executed on host(s) <node-10-8-2>, in queue <normal>, as user <ed6> in cluster <farm5> at Thu Jul 20 13:00:02 2023
</nfs/users/nfs_e/ed6> was used as the home directory.
</nfs/team205/ed6/bin/sc_target_evidence/src> was used as the working directory.
Started at Thu Jul 20 13:00:02 2023
Terminated at Thu Jul 20 13:07:16 2023
Results reported at Thu Jul 20 13:07:16 2023

Your job looked like:

------------------------------------------------------------
# LSBATCH: User input
python process_sc_data.py MONDO:0024660 --output_dir /nfs/team205/ed6/bin/sc_target_evidence/data/

------------------------------------------------------------

Successfully completed.

Resource usage summary:

    CPU time :                                   381.00 sec.
    Max Memory :                                 13882 MB
    Average Memory :                             7236.48 MB
    Total Requested Memory :                     50000.00 MB
    Delta Memory :                               36118.00 MB
    Max Swap :                                   -
    Max Processes :                              4
    Max Threads :                                670
    Run time :                                   433 sec.
    Turnaround time :                            3788 sec.

The output (if any) is above this job summary.



PS:

Read file <logfile-pbulk-28659698.err> for stderr output of this job.

