Loading data from cellxgene...

------------------------------------------------------------
Sender: LSF System <lsfadmin@node-11-2-2>
Subject: Job 28659685: <python process_sc_data.py MONDO:0005087 --output_dir /nfs/team205/ed6/bin/sc_target_evidence/data/> in cluster <farm5> Exited

Job <python process_sc_data.py MONDO:0005087 --output_dir /nfs/team205/ed6/bin/sc_target_evidence/data/> was submitted from host <farm5-head1> by user <ed6> in cluster <farm5> at Thu Jul 20 12:04:05 2023
Job was executed on host(s) <node-11-2-2>, in queue <normal>, as user <ed6> in cluster <farm5> at Thu Jul 20 12:42:55 2023
</nfs/users/nfs_e/ed6> was used as the home directory.
</nfs/team205/ed6/bin/sc_target_evidence/src> was used as the working directory.
Started at Thu Jul 20 12:42:55 2023
Terminated at Thu Jul 20 12:43:11 2023
Results reported at Thu Jul 20 12:43:11 2023

Your job looked like:

------------------------------------------------------------
# LSBATCH: User input
python process_sc_data.py MONDO:0005087 --output_dir /nfs/team205/ed6/bin/sc_target_evidence/data/

------------------------------------------------------------

Exited with exit code 1.

Resource usage summary:

    CPU time :                                   9.88 sec.
    Max Memory :                                 610 MB
    Average Memory :                             463.25 MB
    Total Requested Memory :                     50000.00 MB
    Delta Memory :                               49390.00 MB
    Max Swap :                                   -
    Max Processes :                              4
    Max Threads :                                135
    Run time :                                   15 sec.
    Turnaround time :                            2346 sec.

The output (if any) is above this job summary.



PS:

Read file <logfile-pbulk-28659685.err> for stderr output of this job.

