Traceback (most recent call last):
  File "/nfs/team205/ed6/bin/sc_target_evidence/src/process_sc_data.py", line 263, in <module>
    adata = get_disease_targets_sc_data(
            ^^^^^^^^^^^^^^^^^^^^^^^^^^^^
  File "/nfs/team205/ed6/bin/sc_target_evidence/src/process_sc_data.py", line 102, in get_disease_targets_sc_data
    adata = cellxgene_census.get_anndata(
            ^^^^^^^^^^^^^^^^^^^^^^^^^^^^^
  File "/nfs/team205/ed6/miniconda3/envs/sc-target-evidence-env/lib/python3.11/site-packages/cellxgene_census/_get_anndata.py", line 78, in get_anndata
    return query.to_anndata(X_name=X_name, column_names=column_names)
           ^^^^^^^^^^^^^^^^^^^^^^^^^^^^^^^^^^^^^^^^^^^^^^^^^^^^^^^^^^
  File "/nfs/team205/ed6/miniconda3/envs/sc-target-evidence-env/lib/python3.11/site-packages/somacore/query/query.py", line 220, in to_anndata
    return self._read(
           ^^^^^^^^^^^
  File "/nfs/team205/ed6/miniconda3/envs/sc-target-evidence-env/lib/python3.11/site-packages/somacore/query/query.py", line 294, in _read
    x_matrices = {
                 ^
  File "/nfs/team205/ed6/miniconda3/envs/sc-target-evidence-env/lib/python3.11/site-packages/somacore/query/query.py", line 295, in <dictcomp>
    _xname: _fast_csr.read_scipy_csr(
            ^^^^^^^^^^^^^^^^^^^^^^^^^
  File "/nfs/team205/ed6/miniconda3/envs/sc-target-evidence-env/lib/python3.11/site-packages/somacore/query/_fast_csr.py", line 24, in read_scipy_csr
    data, indptr, indices, shape = _read_csr(matrix, obs_joinids, var_joinids)
                                   ^^^^^^^^^^^^^^^^^^^^^^^^^^^^^^^^^^^^^^^^^^^
  File "/nfs/team205/ed6/miniconda3/envs/sc-target-evidence-env/lib/python3.11/site-packages/somacore/query/_fast_csr.py", line 269, in _read_csr
    for tbl in _eager_iter.EagerIterator(
  File "/nfs/team205/ed6/miniconda3/envs/sc-target-evidence-env/lib/python3.11/site-packages/somacore/query/_eager_iter.py", line 21, in __next__
    res = self._future.result()
          ^^^^^^^^^^^^^^^^^^^^^
  File "/nfs/team205/ed6/miniconda3/envs/sc-target-evidence-env/lib/python3.11/concurrent/futures/_base.py", line 451, in result
    self._condition.wait(timeout)
  File "/nfs/team205/ed6/miniconda3/envs/sc-target-evidence-env/lib/python3.11/threading.py", line 320, in wait
    waiter.acquire()
KeyboardInterrupt
Terminated
