
------------------------------------------------------------
Sender: LSF System <lsfadmin@node-10-1-1>
Subject: Job 28659697: <python process_sc_data.py MONDO:0004298 --output_dir /nfs/team205/ed6/bin/sc_target_evidence/data/> in cluster <farm5> Exited

Job <python process_sc_data.py MONDO:0004298 --output_dir /nfs/team205/ed6/bin/sc_target_evidence/data/> was submitted from host <farm5-head1> by user <ed6> in cluster <farm5> at Thu Jul 20 12:04:07 2023
Job was executed on host(s) <node-10-1-1>, in queue <normal>, as user <ed6> in cluster <farm5> at Thu Jul 20 12:59:17 2023
</nfs/users/nfs_e/ed6> was used as the home directory.
</nfs/team205/ed6/bin/sc_target_evidence/src> was used as the working directory.
Started at Thu Jul 20 12:59:17 2023
Terminated at Fri Jul 21 00:59:17 2023
Results reported at Fri Jul 21 00:59:17 2023

Your job looked like:

------------------------------------------------------------
# LSBATCH: User input
python process_sc_data.py MONDO:0004298 --output_dir /nfs/team205/ed6/bin/sc_target_evidence/data/

------------------------------------------------------------

TERM_RUNLIMIT: job killed after reaching LSF run time limit.
Exited with exit code 140.

Resource usage summary:

    CPU time :                                   39348.00 sec.
    Max Memory :                                 3617 MB
    Average Memory :                             3569.04 MB
    Total Requested Memory :                     50000.00 MB
    Delta Memory :                               46383.00 MB
    Max Swap :                                   -
    Max Processes :                              4
    Max Threads :                                650
    Run time :                                   43202 sec.
    Turnaround time :                            46510 sec.

The output (if any) is above this job summary.



PS:

Read file <logfile-pbulk-28659697.err> for stderr output of this job.

