Loading data from cellxgene...
Getting anndata
Getting total counts x cell
Cleaning cell ontologies...
Pseudo-bulking...
Saving...

------------------------------------------------------------
Sender: LSF System <lsfadmin@node-12-3-4>
Subject: Job 28659695: <python process_sc_data.py MONDO:0015759 --output_dir /nfs/team205/ed6/bin/sc_target_evidence/data/> in cluster <farm5> Done

Job <python process_sc_data.py MONDO:0015759 --output_dir /nfs/team205/ed6/bin/sc_target_evidence/data/> was submitted from host <farm5-head1> by user <ed6> in cluster <farm5> at Thu Jul 20 12:04:07 2023
Job was executed on host(s) <node-12-3-4>, in queue <normal>, as user <ed6> in cluster <farm5> at Thu Jul 20 12:53:41 2023
</nfs/users/nfs_e/ed6> was used as the home directory.
</nfs/team205/ed6/bin/sc_target_evidence/src> was used as the working directory.
Started at Thu Jul 20 12:53:41 2023
Terminated at Thu Jul 20 14:02:01 2023
Results reported at Thu Jul 20 14:02:01 2023

Your job looked like:

------------------------------------------------------------
# LSBATCH: User input
python process_sc_data.py MONDO:0015759 --output_dir /nfs/team205/ed6/bin/sc_target_evidence/data/

------------------------------------------------------------

Successfully completed.

Resource usage summary:

    CPU time :                                   3979.30 sec.
    Max Memory :                                 34807 MB
    Average Memory :                             16076.13 MB
    Total Requested Memory :                     50000.00 MB
    Delta Memory :                               15193.00 MB
    Max Swap :                                   -
    Max Processes :                              4
    Max Threads :                                671
    Run time :                                   4103 sec.
    Turnaround time :                            7074 sec.

The output (if any) is above this job summary.



PS:

Read file <logfile-pbulk-28659695.err> for stderr output of this job.

