Loading data from cellxgene...
Getting anndata
Getting total counts x cell
Cleaning cell ontologies...
Pseudo-bulking...
Saving...

------------------------------------------------------------
Sender: LSF System <lsfadmin@node-12-5-4>
Subject: Job 28659687: <python process_sc_data.py MONDO:0005812 --output_dir /nfs/team205/ed6/bin/sc_target_evidence/data/> in cluster <farm5> Done

Job <python process_sc_data.py MONDO:0005812 --output_dir /nfs/team205/ed6/bin/sc_target_evidence/data/> was submitted from host <farm5-head1> by user <ed6> in cluster <farm5> at Thu Jul 20 12:04:05 2023
Job was executed on host(s) <node-12-5-4>, in queue <normal>, as user <ed6> in cluster <farm5> at Thu Jul 20 12:44:18 2023
</nfs/users/nfs_e/ed6> was used as the home directory.
</nfs/team205/ed6/bin/sc_target_evidence/src> was used as the working directory.
Started at Thu Jul 20 12:44:18 2023
Terminated at Thu Jul 20 13:52:07 2023
Results reported at Thu Jul 20 13:52:07 2023

Your job looked like:

------------------------------------------------------------
# LSBATCH: User input
python process_sc_data.py MONDO:0005812 --output_dir /nfs/team205/ed6/bin/sc_target_evidence/data/

------------------------------------------------------------

Successfully completed.

Resource usage summary:

    CPU time :                                   3967.00 sec.
    Max Memory :                                 39111 MB
    Average Memory :                             23781.07 MB
    Total Requested Memory :                     50000.00 MB
    Delta Memory :                               10889.00 MB
    Max Swap :                                   -
    Max Processes :                              4
    Max Threads :                                671
    Run time :                                   4071 sec.
    Turnaround time :                            6482 sec.

The output (if any) is above this job summary.



PS:

Read file <logfile-pbulk-28659687.err> for stderr output of this job.

