
------------------------------------------------------------
Sender: LSF System <lsfadmin@node-10-1-1>
Subject: Job 28659651: <python process_sc_data.py MONDO:0005233 --output_dir /nfs/team205/ed6/bin/sc_target_evidence/data/> in cluster <farm5> Exited

Job <python process_sc_data.py MONDO:0005233 --output_dir /nfs/team205/ed6/bin/sc_target_evidence/data/> was submitted from host <farm5-head1> by user <ed6> in cluster <farm5> at Thu Jul 20 12:03:56 2023
Job was executed on host(s) <node-10-1-1>, in queue <normal>, as user <ed6> in cluster <farm5> at Thu Jul 20 12:04:50 2023
</nfs/users/nfs_e/ed6> was used as the home directory.
</nfs/team205/ed6/bin/sc_target_evidence/src> was used as the working directory.
Started at Thu Jul 20 12:04:50 2023
Terminated at Thu Jul 20 12:59:08 2023
Results reported at Thu Jul 20 12:59:08 2023

Your job looked like:

------------------------------------------------------------
# LSBATCH: User input
python process_sc_data.py MONDO:0005233 --output_dir /nfs/team205/ed6/bin/sc_target_evidence/data/

------------------------------------------------------------

TERM_MEMLIMIT: job killed after reaching LSF memory usage limit.
Exited with exit code 143.

Resource usage summary:

    CPU time :                                   3069.00 sec.
    Max Memory :                                 50066 MB
    Average Memory :                             27984.96 MB
    Total Requested Memory :                     50000.00 MB
    Delta Memory :                               -66.00 MB
    Max Swap :                                   -
    Max Processes :                              4
    Max Threads :                                799
    Run time :                                   3258 sec.
    Turnaround time :                            3312 sec.

The output (if any) is above this job summary.



PS:

Read file <logfile-pbulk-28659651.err> for stderr output of this job.

