Loading data from cellxgene...
Getting anndata
Getting total counts x cell
Cleaning cell ontologies...
Pseudo-bulking...
Saving...

------------------------------------------------------------
Sender: LSF System <lsfadmin@node-10-3-4>
Subject: Job 28659658: <python process_sc_data.py MONDO:0005002 --output_dir /nfs/team205/ed6/bin/sc_target_evidence/data/> in cluster <farm5> Done

Job <python process_sc_data.py MONDO:0005002 --output_dir /nfs/team205/ed6/bin/sc_target_evidence/data/> was submitted from host <farm5-head1> by user <ed6> in cluster <farm5> at Thu Jul 20 12:03:58 2023
Job was executed on host(s) <node-10-3-4>, in queue <normal>, as user <ed6> in cluster <farm5> at Thu Jul 20 12:08:47 2023
</nfs/users/nfs_e/ed6> was used as the home directory.
</nfs/team205/ed6/bin/sc_target_evidence/src> was used as the working directory.
Started at Thu Jul 20 12:08:47 2023
Terminated at Thu Jul 20 12:55:01 2023
Results reported at Thu Jul 20 12:55:01 2023

Your job looked like:

------------------------------------------------------------
# LSBATCH: User input
python process_sc_data.py MONDO:0005002 --output_dir /nfs/team205/ed6/bin/sc_target_evidence/data/

------------------------------------------------------------

Successfully completed.

Resource usage summary:

    CPU time :                                   2692.00 sec.
    Max Memory :                                 34964 MB
    Average Memory :                             16986.93 MB
    Total Requested Memory :                     50000.00 MB
    Delta Memory :                               15036.00 MB
    Max Swap :                                   -
    Max Processes :                              4
    Max Threads :                                650
    Run time :                                   2774 sec.
    Turnaround time :                            3063 sec.

The output (if any) is above this job summary.



PS:

Read file <logfile-pbulk-28659658.err> for stderr output of this job.

