Loading data from cellxgene...
Getting anndata
Getting total counts x cell
Cleaning cell ontologies...
Pseudo-bulking...
Saving...

------------------------------------------------------------
Sender: LSF System <lsfadmin@node-12-5-1>
Subject: Job 28659707: <python process_sc_data.py MONDO:0024885 --output_dir /nfs/team205/ed6/bin/sc_target_evidence/data/> in cluster <farm5> Done

Job <python process_sc_data.py MONDO:0024885 --output_dir /nfs/team205/ed6/bin/sc_target_evidence/data/> was submitted from host <farm5-head1> by user <ed6> in cluster <farm5> at Thu Jul 20 12:04:10 2023
Job was executed on host(s) <node-12-5-1>, in queue <normal>, as user <ed6> in cluster <farm5> at Thu Jul 20 13:04:09 2023
</nfs/users/nfs_e/ed6> was used as the home directory.
</nfs/team205/ed6/bin/sc_target_evidence/src> was used as the working directory.
Started at Thu Jul 20 13:04:09 2023
Terminated at Thu Jul 20 13:14:58 2023
Results reported at Thu Jul 20 13:14:58 2023

Your job looked like:

------------------------------------------------------------
# LSBATCH: User input
python process_sc_data.py MONDO:0024885 --output_dir /nfs/team205/ed6/bin/sc_target_evidence/data/

------------------------------------------------------------

Successfully completed.

Resource usage summary:

    CPU time :                                   585.60 sec.
    Max Memory :                                 14205 MB
    Average Memory :                             9123.09 MB
    Total Requested Memory :                     50000.00 MB
    Delta Memory :                               35795.00 MB
    Max Swap :                                   -
    Max Processes :                              4
    Max Threads :                                650
    Run time :                                   648 sec.
    Turnaround time :                            4248 sec.

The output (if any) is above this job summary.



PS:

Read file <logfile-pbulk-28659707.err> for stderr output of this job.

