Loading data from cellxgene...
Getting anndata
Getting total counts x cell
Cleaning cell ontologies...
Pseudo-bulking...
Saving...

------------------------------------------------------------
Sender: LSF System <lsfadmin@node-13-16>
Subject: Job 28659681: <python process_sc_data.py MONDO:0010811 --output_dir /nfs/team205/ed6/bin/sc_target_evidence/data/> in cluster <farm5> Done

Job <python process_sc_data.py MONDO:0010811 --output_dir /nfs/team205/ed6/bin/sc_target_evidence/data/> was submitted from host <farm5-head1> by user <ed6> in cluster <farm5> at Thu Jul 20 12:04:04 2023
Job was executed on host(s) <node-13-16>, in queue <normal>, as user <ed6> in cluster <farm5> at Thu Jul 20 12:35:47 2023
</nfs/users/nfs_e/ed6> was used as the home directory.
</nfs/team205/ed6/bin/sc_target_evidence/src> was used as the working directory.
Started at Thu Jul 20 12:35:47 2023
Terminated at Thu Jul 20 12:42:49 2023
Results reported at Thu Jul 20 12:42:49 2023

Your job looked like:

------------------------------------------------------------
# LSBATCH: User input
python process_sc_data.py MONDO:0010811 --output_dir /nfs/team205/ed6/bin/sc_target_evidence/data/

------------------------------------------------------------

Successfully completed.

Resource usage summary:

    CPU time :                                   354.00 sec.
    Max Memory :                                 11946 MB
    Average Memory :                             2958.70 MB
    Total Requested Memory :                     50000.00 MB
    Delta Memory :                               38054.00 MB
    Max Swap :                                   -
    Max Processes :                              4
    Max Threads :                                2590
    Run time :                                   422 sec.
    Turnaround time :                            2325 sec.

The output (if any) is above this job summary.



PS:

Read file <logfile-pbulk-28659681.err> for stderr output of this job.

