
------------------------------------------------------------
Sender: LSF System <lsfadmin@node-10-2-4>
Subject: Job 28659648: <python process_sc_data.py MONDO:0018177 --output_dir /nfs/team205/ed6/bin/sc_target_evidence/data/> in cluster <farm5> Exited

Job <python process_sc_data.py MONDO:0018177 --output_dir /nfs/team205/ed6/bin/sc_target_evidence/data/> was submitted from host <farm5-head1> by user <ed6> in cluster <farm5> at Thu Jul 20 12:03:55 2023
Job was executed on host(s) <node-10-2-4>, in queue <normal>, as user <ed6> in cluster <farm5> at Thu Jul 20 12:04:18 2023
</nfs/users/nfs_e/ed6> was used as the home directory.
</nfs/team205/ed6/bin/sc_target_evidence/src> was used as the working directory.
Started at Thu Jul 20 12:04:18 2023
Terminated at Thu Jul 20 12:30:27 2023
Results reported at Thu Jul 20 12:30:27 2023

Your job looked like:

------------------------------------------------------------
# LSBATCH: User input
python process_sc_data.py MONDO:0018177 --output_dir /nfs/team205/ed6/bin/sc_target_evidence/data/

------------------------------------------------------------

TERM_MEMLIMIT: job killed after reaching LSF memory usage limit.
Exited with exit code 143.

Resource usage summary:

    CPU time :                                   1515.00 sec.
    Max Memory :                                 50118 MB
    Average Memory :                             21985.04 MB
    Total Requested Memory :                     50000.00 MB
    Delta Memory :                               -118.00 MB
    Max Swap :                                   -
    Max Processes :                              4
    Max Threads :                                650
    Run time :                                   1569 sec.
    Turnaround time :                            1592 sec.

The output (if any) is above this job summary.



PS:

Read file <logfile-pbulk-28659648.err> for stderr output of this job.

